
Log started (V12.8.0.0) Mon Jan 31 10:40:41 2022


Problem 'P-pulp.lp' read.
Read time = 0.23 sec. (11.80 ticks)
MIP start file 'P-pulp.mst' read.
New value for indicator for advanced starting information: 1
New value for time limit in seconds: 4000
CPXPARAM_TimeLimit                               4000
1 of 1 MIP starts provided solutions.
MIP start 'm1' defined initial solution with objective 5.1942e+07.
Tried aggregator 1 time.
Reduced MIP has 101100 rows, 100100 columns, and 400000 nonzeros.
Reduced MIP has 100100 binaries, 0 generals, 0 SOSs, and 0 indicators.
Presolve time = 1.73 sec. (1483.01 ticks)
Probing time = 0.19 sec. (29.17 ticks)
Tried aggregator 1 time.
Reduced MIP has 101100 rows, 100100 columns, and 400000 nonzeros.
Reduced MIP has 100100 binaries, 0 generals, 0 SOSs, and 0 indicators.
Presolve time = 1.72 sec. (1528.96 ticks)
Probing time = 0.14 sec. (29.17 ticks)

Log started (V12.8.0.0) Mon Jan 31 10:41:19 2022


Problem 'P-pulp.lp' read.
Read time = 0.22 sec. (11.80 ticks)
MIP start file 'P-pulp.mst' read.
New value for indicator for advanced starting information: 1
New value for time limit in seconds: 4000
CPXPARAM_TimeLimit                               4000
1 of 1 MIP starts provided solutions.
MIP start 'm1' defined initial solution with objective 5.1942e+07.
Tried aggregator 1 time.
Reduced MIP has 101100 rows, 100100 columns, and 400000 nonzeros.
Reduced MIP has 100100 binaries, 0 generals, 0 SOSs, and 0 indicators.
Presolve time = 1.52 sec. (1483.01 ticks)
Probing time = 0.14 sec. (29.17 ticks)
Tried aggregator 1 time.
Reduced MIP has 101100 rows, 100100 columns, and 400000 nonzeros.
Reduced MIP has 100100 binaries, 0 generals, 0 SOSs, and 0 indicators.
Presolve time = 1.69 sec. (1528.96 ticks)
Probing time = 0.16 sec. (29.17 ticks)
Clique table members: 101000.
MIP emphasis: balance optimality and feasibility.
MIP search method: dynamic search.
Parallel mode: deterministic, using up to 8 threads.
Root relaxation solution time = 29.19 sec. (4888.47 ticks)

        Nodes                                         Cuts/
   Node  Left     Objective  IInf  Best Integer    Best Bound    ItCnt     Gap

*     0+    0                       5.19419e+07        0.0000           100.00%
      0     0   2.11877e+07  2379   5.19419e+07   2.11877e+07       62   59.21%
*     0+    0                       2.58410e+07   2.11877e+07            18.01%
*     0+    0                       2.50650e+07   2.11877e+07            15.47%
      0     0   2.17536e+07  1976   2.50650e+07       Cuts: 9     6115   13.21%
      0     0   2.18578e+07  1453   2.50650e+07   Impl Bds: 6     8701   12.80%
      0     0   2.20567e+07  1537   2.50650e+07   Impl Bds: 4    13102   12.00%
*     0+    0                       2.44153e+07   2.20567e+07             9.66%
*     0+    0                       2.38673e+07   2.20567e+07             7.59%
      0     0   2.21437e+07  2628   2.38673e+07   Impl Bds: 4    14567    7.22%
      0     0   2.21797e+07  2025   2.38673e+07   Impl Bds: 4    15986    7.07%
      0     0   2.22195e+07  1658   2.38673e+07   Impl Bds: 3    18094    6.90%
Heuristic still looking.
*     0+    0                       2.28805e+07   2.22195e+07             2.89%
      0     2   2.22195e+07  1658   2.28805e+07   2.22195e+07    18094    2.89%
Elapsed time = 178.34 sec. (80369.36 ticks, tree = 0.01 MB, solutions = 6)
      1     3   2.22208e+07  1451   2.28805e+07   2.22195e+07    18258    2.89%
      2     3   2.22197e+07  1029   2.28805e+07   2.22195e+07    18345    2.89%
      3     4   2.22314e+07  1440   2.28805e+07   2.22195e+07    18910    2.89%
      4     5   2.22309e+07  2064   2.28805e+07   2.22197e+07    19379    2.89%
      5     6   2.22404e+07  1453   2.28805e+07   2.22197e+07    19746    2.89%
      6     4   2.22475e+07   427   2.28805e+07   2.22197e+07    20089    2.89%
      7     9   2.22516e+07   429   2.28805e+07   2.22197e+07    25894    2.89%
      9     5   2.22528e+07   433   2.28805e+07   2.22197e+07    20967    2.89%
     10    10   2.22840e+07   460   2.28805e+07   2.22197e+07    33427    2.89%
     11     6   2.22629e+07   428   2.28805e+07   2.22197e+07    21065    2.89%
Elapsed time = 233.11 sec. (88836.29 ticks, tree = 0.09 MB, solutions = 6)
     14    14   2.23058e+07   477   2.28805e+07   2.22310e+07    39435    2.84%
*    16+    7                       2.27260e+07   2.22310e+07             2.18%
     16     9   2.26020e+07   221   2.27260e+07   2.22310e+07    32761    2.18%
     18    18   2.26348e+07   219   2.27260e+07   2.22310e+07    56156    2.18%
     20    18        cutoff         2.27260e+07   2.22310e+07    62630    2.18%
     26    11   2.24488e+07   352   2.27260e+07   2.22310e+07    34736    2.18%
     31     8   2.23292e+07  1658   2.27260e+07   2.22404e+07    28276    2.14%
     36    21   2.26507e+07   222   2.27260e+07   2.22404e+07    66765    2.14%
     41    27   2.26797e+07   221   2.27260e+07   2.22426e+07   117274    2.13%
     47    29   2.26393e+07   219   2.27260e+07   2.22426e+07   125384    2.13%
     57    28   2.27087e+07   224   2.27260e+07   2.22426e+07   119596    2.13%
Elapsed time = 322.59 sec. (101551.88 ticks, tree = 0.25 MB, solutions = 9)
     64    28   2.24925e+07   435   2.27260e+07   2.22426e+07   120042    2.13%
     70    31   2.24631e+07   926   2.27260e+07   2.22426e+07   152371    2.13%
     76    32   2.26120e+07   567   2.27260e+07   2.22426e+07   153469    2.13%
     78    27        cutoff         2.27260e+07   2.22426e+07   152052    2.13%
     85    34        cutoff         2.27260e+07   2.22426e+07   166439    2.13%
     91    38        cutoff         2.27260e+07   2.22426e+07   180126    2.13%
     98    40   2.26692e+07   740   2.27260e+07   2.22426e+07   166252    2.13%
    103    33        cutoff         2.27260e+07   2.22426e+07   206121    2.13%
    105    34   2.23591e+07   459   2.27260e+07   2.22426e+07   199458    2.13%
    110    35   2.24995e+07   745   2.27260e+07   2.22426e+07   195117    2.13%
Elapsed time = 411.38 sec. (112797.50 ticks, tree = 5.14 MB, solutions = 9)
    117    40   2.24787e+07   945   2.27260e+07   2.22426e+07   225780    2.13%
    125    43        cutoff         2.27260e+07   2.22426e+07   243916    2.13%
    136    44   2.26958e+07   939   2.27260e+07   2.22426e+07   244576    2.13%
    145    47   2.25464e+07   794   2.27260e+07   2.22426e+07   230404    2.13%
    157    60   2.25597e+07   928   2.27260e+07   2.22426e+07   275778    2.13%
    170    54   2.25374e+07   945   2.27260e+07   2.22426e+07   270753    2.13%
    175    60   2.24028e+07  1108   2.27260e+07   2.22426e+07   281136    2.13%
    184    79   2.25515e+07   772   2.27260e+07   2.22426e+07   292869    2.13%
    191    82   2.25635e+07   544   2.27260e+07   2.22426e+07   293339    2.13%
    204    85   2.26177e+07   822   2.27260e+07   2.22426e+07   300521    2.13%
Elapsed time = 500.56 sec. (123658.99 ticks, tree = 4.96 MB, solutions = 9)
    211    89   2.25951e+07   731   2.27260e+07   2.22426e+07   293845    2.13%
    225    95   2.26090e+07   549   2.27260e+07   2.22426e+07   294415    2.13%
    233    92   2.26410e+07   564   2.27260e+07   2.22426e+07   302110    2.13%
    250   107   2.27124e+07   229   2.27260e+07   2.22426e+07   322826    2.13%
    264   109        cutoff         2.27260e+07   2.22426e+07   328231    2.13%
    278   136   2.26661e+07  1166   2.27260e+07   2.22585e+07   332907    2.06%
    296   141   2.26746e+07   961   2.27260e+07   2.22585e+07   333277    2.06%
    311   147   2.26855e+07   958   2.27260e+07   2.22585e+07   333673    2.06%
    321   155   2.27131e+07   827   2.27260e+07   2.22585e+07   348079    2.06%
    330   157   2.27227e+07   808   2.27260e+07   2.22585e+07   348515    2.06%
Elapsed time = 585.61 sec. (134061.70 ticks, tree = 39.39 MB, solutions = 9)
    341   176   2.27168e+07   944   2.27260e+07   2.22585e+07   350611    2.06%
    346   132   2.25085e+07  1089   2.27260e+07   2.22585e+07   342084    2.06%
    348   169        cutoff         2.27260e+07   2.22585e+07   358490    2.06%
    351   177   2.27251e+07   962   2.27260e+07   2.22585e+07   364415    2.06%
    358   179   2.24255e+07  1593   2.27260e+07   2.22585e+07   368003    2.06%
    363   129   2.23072e+07  2162   2.27260e+07   2.22585e+07   339721    2.06%
    369   198   2.26359e+07  1020   2.27260e+07   2.22585e+07   372409    2.06%
    374   201   2.26432e+07   613   2.27260e+07   2.22585e+07   373134    2.06%
    381   209   2.25599e+07   538   2.27260e+07   2.22585e+07   392495    2.06%
    385   204   2.24106e+07  1458   2.27260e+07   2.22585e+07   375942    2.06%
Elapsed time = 719.01 sec. (146677.02 ticks, tree = 56.27 MB, solutions = 9)
    386   205   2.25950e+07   573   2.27260e+07   2.22585e+07   390533    2.06%
    392   205   2.24180e+07  1644   2.27260e+07   2.22585e+07   376875    2.06%
    400   228   2.26564e+07   778   2.27260e+07   2.22585e+07   413660    2.06%
    409   233   2.26634e+07   496   2.27260e+07   2.22585e+07   414122    2.06%
    417   233   2.26685e+07   795   2.27260e+07   2.22585e+07   424141    2.06%
    425   236   2.26734e+07   499   2.27260e+07   2.22585e+07   414481    2.06%
    435   242   2.26870e+07   574   2.27260e+07   2.22585e+07   414969    2.06%
    445   215   2.27087e+07   227   2.27260e+07   2.22585e+07   408441    2.06%
    454   249   2.27168e+07   757   2.27260e+07   2.22585e+07   415852    2.06%
    464   269        cutoff         2.27260e+07   2.22585e+07   439236    2.06%
Elapsed time = 824.39 sec. (157347.22 ticks, tree = 62.17 MB, solutions = 9)
    469   233        cutoff         2.27260e+07   2.22585e+07   427772    2.06%
    474   276   2.24695e+07   710   2.27260e+07   2.22585e+07   443009    2.06%
    482   280   2.26984e+07   840   2.27260e+07   2.22585e+07   449512    2.06%
    487   283   2.26991e+07   839   2.27260e+07   2.22585e+07   449972    2.06%
    493   240   2.26455e+07   647   2.27260e+07   2.22585e+07   434160    2.06%
    503   291   2.27046e+07   836   2.27260e+07   2.22585e+07   450847    2.06%
    516   288   2.26869e+07  1018   2.27260e+07   2.22585e+07   461203    2.06%
    524   291   2.25271e+07  1243   2.27260e+07   2.22585e+07   474995    2.06%
    531   245   2.23374e+07  1101   2.27260e+07   2.22641e+07   440200    2.03%
    538   289   2.26885e+07   744   2.27260e+07   2.22641e+07   461461    2.03%
Elapsed time = 917.63 sec. (167943.68 ticks, tree = 70.48 MB, solutions = 9)
    546   291   2.26972e+07   749   2.27260e+07   2.22641e+07   461943    2.03%
    556   297   2.27098e+07   538   2.27260e+07   2.22641e+07   485551    2.03%
    567   310   2.27118e+07   933   2.27260e+07   2.22641e+07   487594    2.03%
    575   313        cutoff         2.27260e+07   2.22641e+07   488002    2.03%
    580   300   2.26125e+07   542   2.27260e+07   2.22641e+07   479171    2.03%
    585   317   2.26408e+07   586   2.27260e+07   2.22641e+07   505459    2.03%
    590   319   2.26499e+07   790   2.27260e+07   2.22641e+07   506226    2.03%
    593   349   2.26671e+07   450   2.27260e+07   2.23037e+07   517835    1.86%
    595   350   2.26783e+07   818   2.27260e+07   2.23037e+07   518513    1.86%
    603   352   2.26913e+07  1035   2.27260e+07   2.23037e+07   518989    1.86%
Elapsed time = 1017.94 sec. (179598.80 ticks, tree = 79.80 MB, solutions = 9)
    613   350        cutoff         2.27260e+07   2.23037e+07   528417    1.86%
    618   327   2.27037e+07   929   2.27260e+07   2.23037e+07   508347    1.86%
    628   349        cutoff         2.27260e+07   2.23037e+07   530557    1.86%
    633   374   2.27245e+07  1322   2.27260e+07   2.23037e+07   537706    1.86%
    638   381   2.25275e+07   623   2.27260e+07   2.23037e+07   545947    1.86%
    641   337   2.23516e+07   633   2.27260e+07   2.23072e+07   516416    1.84%
    645   353   2.24943e+07  1127   2.27260e+07   2.23072e+07   525254    1.84%
    648   383   2.23632e+07   464   2.27260e+07   2.23072e+07   554926    1.84%
    653   383   2.25751e+07   715   2.27260e+07   2.23072e+07   548046    1.84%
    678   402   2.26485e+07   823   2.27260e+07   2.23113e+07   576049    1.82%
Elapsed time = 1146.84 sec. (194308.30 ticks, tree = 115.10 MB, solutions = 9)
    696   424   2.26490e+07   351   2.27260e+07   2.23113e+07   591488    1.82%
    720   433   2.26766e+07   899   2.27260e+07   2.23113e+07   593291    1.82%
    758   443   2.27160e+07   637   2.27260e+07   2.23113e+07   595216    1.82%
    787   486   2.25460e+07   431   2.27260e+07   2.23113e+07   660401    1.82%
    800   491   2.25668e+07   798   2.27260e+07   2.23113e+07   678509    1.82%
    822   499   2.26443e+07   755   2.27260e+07   2.23249e+07   681145    1.76%
    849   503   2.25517e+07   764   2.27260e+07   2.23249e+07   719105    1.76%
    861   497   2.25197e+07  1499   2.27260e+07   2.23249e+07   686344    1.76%
    872   498   2.25290e+07  1142   2.27260e+07   2.23249e+07   687912    1.76%
    880   517   2.27075e+07   838   2.27260e+07   2.23249e+07   766365    1.76%
Elapsed time = 1527.75 sec. (234123.14 ticks, tree = 134.17 MB, solutions = 9)
    897   542   2.25821e+07   475   2.27260e+07   2.23249e+07   806953    1.76%
    918   529   2.25543e+07   693   2.27260e+07   2.23249e+07   806115    1.76%
    942   525   2.26278e+07  1898   2.27260e+07   2.23249e+07   799411    1.76%
    957   561   2.26628e+07  1130   2.27260e+07   2.23249e+07   811765    1.76%
    977   549   2.26654e+07  1147   2.27260e+07   2.23249e+07   842302    1.76%
   1008   593   2.26890e+07  1480   2.27260e+07   2.23249e+07   884395    1.76%
   1027   545   2.24595e+07  1054   2.27260e+07   2.23362e+07   852882    1.72%
   1034   595   2.25742e+07  1140   2.27260e+07   2.23362e+07   897691    1.72%
   1045   592   2.25107e+07  1302   2.27260e+07   2.23362e+07   904888    1.72%
   1063   655   2.25544e+07  1087   2.27260e+07   2.23362e+07   956284    1.72%
Elapsed time = 1938.42 sec. (274021.92 ticks, tree = 150.98 MB, solutions = 9)
   1080   603        cutoff         2.27260e+07   2.23590e+07   924035    1.61%
   1097   654   2.25802e+07   793   2.27260e+07   2.23590e+07   943704    1.61%
   1126   670   2.25695e+07   483   2.27260e+07   2.23590e+07   993806    1.61%
   1136   669   2.25686e+07   976   2.27260e+07   2.23590e+07  1001396    1.61%
   1163   690        cutoff         2.27260e+07   2.23590e+07  1035956    1.61%
   1201   670        cutoff         2.27260e+07   2.23590e+07  1015825    1.61%
   1234   742   2.27076e+07  1322   2.27260e+07   2.23590e+07  1078484    1.61%
   1269   742        cutoff         2.27260e+07   2.23590e+07  1081471    1.61%
   1306   754   2.24685e+07   955   2.27260e+07   2.23590e+07  1052213    1.61%
   1314   746   2.25146e+07   694   2.27260e+07   2.23590e+07  1084105    1.61%
Elapsed time = 2329.92 sec. (314293.28 ticks, tree = 170.05 MB, solutions = 9)
   1327   759   2.25946e+07   917   2.27260e+07   2.23869e+07  1131361    1.49%
   1342   811   2.25676e+07   962   2.27260e+07   2.24302e+07  1157835    1.30%
   1361   815   2.26190e+07   636   2.27260e+07   2.24302e+07  1160384    1.30%
   1377   816   2.26531e+07  1270   2.27260e+07   2.24355e+07  1177036    1.28%
   1398   873   2.26903e+07   673   2.27260e+07   2.24355e+07  1262002    1.28%
   1420   763   2.26243e+07   996   2.27260e+07   2.24355e+07  1133640    1.28%
   1446   875   2.25698e+07   636   2.27260e+07   2.24383e+07  1274901    1.27%
   1474   882   2.25645e+07   642   2.27260e+07   2.24383e+07  1297454    1.27%
   1519   906   2.26631e+07  1173   2.27260e+07   2.24383e+07  1317808    1.27%
*  1524+  845                       2.27258e+07   2.24383e+07             1.27%
   1550   907        cutoff         2.27258e+07   2.24383e+07  1289463    1.27%
Elapsed time = 2740.05 sec. (353791.00 ticks, tree = 201.20 MB, solutions = 10)
   1581   946   2.27202e+07   612   2.27258e+07   2.24383e+07  1349446    1.27%
   1621   904        cutoff         2.27258e+07   2.24383e+07  1327015    1.27%
   1653   905        cutoff         2.27258e+07   2.24383e+07  1329073    1.27%
   1676   976        cutoff         2.27258e+07   2.24383e+07  1386812    1.27%
   1695   986   2.26421e+07   519   2.27258e+07   2.24383e+07  1399671    1.27%
   1730  1002   2.26995e+07   659   2.27258e+07   2.24383e+07  1407358    1.27%
*  1746+ 1001                       2.27257e+07   2.24429e+07             1.24%
   1755  1041   2.27086e+07   637   2.27257e+07   2.24429e+07  1432406    1.24%
   1786  1060   2.27218e+07   546   2.27257e+07   2.24801e+07  1447989    1.08%
   1813  1073   2.26634e+07   463   2.27257e+07   2.24801e+07  1467525    1.08%
   1835  1062   2.25775e+07   827   2.27257e+07   2.24801e+07  1459846    1.08%
Elapsed time = 3106.26 sec. (393531.92 ticks, tree = 318.38 MB, solutions = 11)
   1851  1070        cutoff         2.27257e+07   2.24801e+07  1474864    1.08%
   1867  1083   2.27222e+07   798   2.27257e+07   2.24801e+07  1481703    1.08%
   1884  1081   2.25777e+07   584   2.27257e+07   2.24801e+07  1485352    1.08%
   1904  1086        cutoff         2.27257e+07   2.24910e+07  1488943    1.03%
   1923  1090        cutoff         2.27257e+07   2.24910e+07  1490700    1.03%
   1952  1098   2.27118e+07   489   2.27257e+07   2.24910e+07  1545436    1.03%
   1977  1103   2.26620e+07  1610   2.27257e+07   2.24910e+07  1538160    1.03%
   2004  1108   2.26177e+07   884   2.27257e+07   2.24910e+07  1526033    1.03%
   2036  1139   2.26881e+07  1382   2.27257e+07   2.24911e+07  1593943    1.03%
   2070  1158        cutoff         2.27257e+07   2.24911e+07  1587529    1.03%
Elapsed time = 3490.72 sec. (432917.24 ticks, tree = 324.24 MB, solutions = 11)
   2097  1118        cutoff         2.27257e+07   2.24911e+07  1573261    1.03%
   2119  1165   2.26023e+07   526   2.27257e+07   2.24926e+07  1593195    1.03%
   2144  1166   2.26281e+07   414   2.27257e+07   2.24926e+07  1596223    1.03%
   2186  1185   2.26553e+07   545   2.27257e+07   2.24926e+07  1678243    1.03%
   2240  1157        cutoff         2.27257e+07   2.24926e+07  1666047    1.03%
   2269  1177   2.25939e+07   847   2.27257e+07   2.24926e+07  1654996    1.03%
   2289  1253        cutoff         2.27257e+07   2.25127e+07  1740959    0.94%
   2314  1219   2.27019e+07   368   2.27257e+07   2.25127e+07  1703890    0.94%
   2331  1262        cutoff         2.27257e+07   2.25127e+07  1741883    0.94%
   2354  1255   2.26001e+07   834   2.27257e+07   2.25127e+07  1746851    0.94%
Elapsed time = 3879.92 sec. (472137.55 ticks, tree = 330.03 MB, solutions = 11)
   2380  1257   2.26196e+07   873   2.27257e+07   2.25145e+07  1749103    0.93%
   2421  1321   2.27115e+07   599   2.27257e+07   2.25145e+07  1796394    0.93%
   2468  1337   2.26616e+07   964   2.27257e+07   2.25146e+07  1839617    0.93%

Cover cuts applied:  99
Implied bound cuts applied:  56

Root node processing (before b&c):
  Real time             =  177.03 sec. (79813.02 ticks)
Parallel b&c, 8 threads:
  Real time             = 3825.56 sec. (409714.24 ticks)
  Sync time (average)   =  474.21 sec.
  Wait time (average)   =    0.14 sec.
                          ------------
Total (root+branch&cut) = 4002.59 sec. (489527.26 ticks)

Solution pool: 11 solutions saved.

MIP - Time limit exceeded, integer feasible:  Objective =  2.2725684697e+07
Current MIP best bound =  2.2514553776e+07 (gap = 211131, 0.93%)
Solution time = 4002.59 sec.  Iterations = 1900578  Nodes = 2489 (1382)
Deterministic time = 489527.55 ticks  (122.30 ticks/sec)

MILP problem relaxed to LP with fixed integer variables using
incumbent solution.
CPXPARAM_TimeLimit                               4000
Parallel mode: deterministic, using up to 8 threads for concurrent optimization.
Tried aggregator 1 time.
LP Presolve eliminated 101100 rows and 100100 columns.
All rows and columns eliminated.
Presolve time = 0.09 sec. (46.97 ticks)

Dual simplex - Optimal:  Objective =  2.2725684697e+07
Solution time =    0.16 sec.  Iterations = 0 (0)
Deterministic time = 87.42 ticks  (556.79 ticks/sec)


Solution written to file 'P-pulp.sol'.

Log started (V12.8.0.0) Mon Jan 31 18:21:19 2022


Problem 'P-pulp.lp' read.
Read time = 0.00 sec. (0.14 ticks)
Warning: no MIP start values read, no MIP start loaded.
MIP start file 'P-pulp.mst' read.
New value for indicator for advanced starting information: 1
New value for time limit in seconds: 4000
CPXPARAM_TimeLimit                               4000
1 of 1 MIP starts provided solutions.
MIP start 'm1' defined initial solution with objective 3269821.3205.
Tried aggregator 1 time.
MIP Presolve eliminated 739 rows and 665 columns.
Reduced MIP has 586 rows, 610 columns, and 1660 nonzeros.
Reduced MIP has 610 binaries, 0 generals, 0 SOSs, and 0 indicators.
Presolve time = 0.00 sec. (3.77 ticks)
Probing time = 0.00 sec. (0.44 ticks)
Tried aggregator 2 times.
MIP Presolve eliminated 20 rows and 32 columns.
Aggregator did 3 substitutions.
Reduced MIP has 563 rows, 575 columns, and 1593 nonzeros.
Reduced MIP has 575 binaries, 0 generals, 0 SOSs, and 0 indicators.
Presolve time = 0.02 sec. (2.02 ticks)
Probing time = 0.00 sec. (0.42 ticks)
Clique table members: 563.
MIP emphasis: balance optimality and feasibility.
MIP search method: dynamic search.
Parallel mode: deterministic, using up to 8 threads.
Root relaxation solution time = 0.00 sec. (0.61 ticks)

        Nodes                                         Cuts/
   Node  Left     Objective  IInf  Best Integer    Best Bound    ItCnt     Gap

*     0+    0                      3269821.3205   730316.6991            77.66%
      0     0        cutoff        3269821.3205                      8    0.00%

Root node processing (before b&c):
  Real time             =    0.03 sec. (20.27 ticks)
Parallel b&c, 8 threads:
  Real time             =    0.00 sec. (0.00 ticks)
  Sync time (average)   =    0.00 sec.
  Wait time (average)   =    0.00 sec.
                          ------------
Total (root+branch&cut) =    0.03 sec. (20.27 ticks)

Solution pool: 1 solution saved.

MIP - Integer optimal solution:  Objective =  3.2698213205e+06
Solution time =    0.03 sec.  Iterations = 8  Nodes = 0
Deterministic time = 20.27 ticks  (653.89 ticks/sec)

MILP problem relaxed to LP with fixed integer variables using
incumbent solution.
CPXPARAM_TimeLimit                               4000
Tried aggregator 1 time.
LP Presolve eliminated 1325 rows and 1275 columns.
All rows and columns eliminated.
Presolve time = 0.00 sec. (0.57 ticks)

Dual simplex - Optimal:  Objective =  3.2698213205e+06
Solution time =    0.02 sec.  Iterations = 0 (0)
Deterministic time = 1.07 ticks  (67.06 ticks/sec)


Solution written to file 'P-pulp.sol'.

Log started (V12.8.0.0) Mon Jan 31 18:21:20 2022


Problem 'P-pulp.lp' read.
Read time = 0.02 sec. (1.13 ticks)
Warning: no MIP start values read, no MIP start loaded.
MIP start file 'P-pulp.mst' read.
New value for indicator for advanced starting information: 1
New value for time limit in seconds: 4000
CPXPARAM_TimeLimit                               4000
1 of 1 MIP starts provided solutions.
MIP start 'm1' defined initial solution with objective 3732793.4338.
Tried aggregator 1 time.
Reduced MIP has 10250 rows, 10050 columns, and 40000 nonzeros.
Reduced MIP has 10050 binaries, 0 generals, 0 SOSs, and 0 indicators.
Presolve time = 0.06 sec. (71.62 ticks)
Probing time = 0.02 sec. (5.02 ticks)
Tried aggregator 1 time.
Reduced MIP has 10250 rows, 10050 columns, and 40000 nonzeros.
Reduced MIP has 10050 binaries, 0 generals, 0 SOSs, and 0 indicators.
Presolve time = 0.08 sec. (75.93 ticks)
Probing time = 0.02 sec. (5.02 ticks)
Clique table members: 10200.
MIP emphasis: balance optimality and feasibility.
MIP search method: dynamic search.
Parallel mode: deterministic, using up to 8 threads.
Root relaxation solution time = 0.02 sec. (23.13 ticks)

        Nodes                                         Cuts/
   Node  Left     Objective  IInf  Best Integer    Best Bound    ItCnt     Gap

*     0+    0                      3732793.4338        0.0000           100.00%
      0     0  3732301.4435     4  3732793.4338  3732301.4435      118    0.01%
      0     0        cutoff        3732793.4338  3732664.6031      122    0.00%
Elapsed time = 0.69 sec. (562.37 ticks, tree = 0.01 MB, solutions = 1)

Cover cuts applied:  1

Root node processing (before b&c):
  Real time             =    0.70 sec. (562.87 ticks)
Parallel b&c, 8 threads:
  Real time             =    0.00 sec. (0.00 ticks)
  Sync time (average)   =    0.00 sec.
  Wait time (average)   =    0.00 sec.
                          ------------
Total (root+branch&cut) =    0.70 sec. (562.87 ticks)

Solution pool: 1 solution saved.

MIP - Integer optimal solution:  Objective =  3.7327934338e+06
Solution time =    0.70 sec.  Iterations = 122  Nodes = 0
Deterministic time = 562.90 ticks  (800.71 ticks/sec)

MILP problem relaxed to LP with fixed integer variables using
incumbent solution.
CPXPARAM_TimeLimit                               4000
Parallel mode: deterministic, using up to 8 threads for concurrent optimization.

Dual simplex solved model.


Dual simplex - Optimal:  Objective =  3.7327934338e+06
Solution time =    0.02 sec.  Iterations = 0 (0)
Deterministic time = 12.97 ticks  (810.34 ticks/sec)


Solution written to file 'P-pulp.sol'.

Log started (V12.8.0.0) Mon Jan 31 18:21:22 2022


Problem 'P-pulp.lp' read.
Read time = 0.02 sec. (1.13 ticks)
Warning: no MIP start values read, no MIP start loaded.
MIP start file 'P-pulp.mst' read.
New value for indicator for advanced starting information: 1
New value for time limit in seconds: 4000
CPXPARAM_TimeLimit                               4000
1 of 1 MIP starts provided solutions.
MIP start 'm1' defined initial solution with objective 1965.5545.
Tried aggregator 1 time.
MIP Presolve eliminated 100 rows and 0 columns.
Reduced MIP has 10100 rows, 10100 columns, and 30000 nonzeros.
Reduced MIP has 10100 binaries, 0 generals, 0 SOSs, and 0 indicators.
Presolve time = 0.06 sec. (43.00 ticks)
Probing time = 0.01 sec. (5.20 ticks)
Tried aggregator 1 time.
Reduced MIP has 10100 rows, 10100 columns, and 30000 nonzeros.
Reduced MIP has 10100 binaries, 0 generals, 0 SOSs, and 0 indicators.
Presolve time = 0.06 sec. (46.73 ticks)
Probing time = 0.01 sec. (5.20 ticks)
Clique table members: 10100.
MIP emphasis: balance optimality and feasibility.
MIP search method: dynamic search.
Parallel mode: deterministic, using up to 8 threads.
Root relaxation solution time = 0.09 sec. (131.00 ticks)

        Nodes                                         Cuts/
   Node  Left     Objective  IInf  Best Integer    Best Bound    ItCnt     Gap

*     0+    0                         1965.5545        0.0000           100.00%
      0     0        cutoff           1965.5545                   4380    0.00%

Root node processing (before b&c):
  Real time             =    0.63 sec. (510.57 ticks)
Parallel b&c, 8 threads:
  Real time             =    0.00 sec. (0.00 ticks)
  Sync time (average)   =    0.00 sec.
  Wait time (average)   =    0.00 sec.
                          ------------
Total (root+branch&cut) =    0.63 sec. (510.57 ticks)

Solution pool: 1 solution saved.

MIP - Integer optimal solution:  Objective =  1.9655544970e+03
Solution time =    0.64 sec.  Iterations = 4380  Nodes = 0
Deterministic time = 510.60 ticks  (797.81 ticks/sec)

MILP problem relaxed to LP with fixed integer variables using
incumbent solution.
CPXPARAM_TimeLimit                               4000
Parallel mode: deterministic, using up to 8 threads for concurrent optimization.

Dual simplex solved model.


Dual simplex - Optimal:  Objective =  1.9655544970e+03
Solution time =    0.02 sec.  Iterations = 0 (0)
Deterministic time = 11.82 ticks  (738.67 ticks/sec)


Solution written to file 'P-pulp.sol'.

Log started (V12.8.0.0) Mon Jan 31 18:23:03 2022


Problem 'P-pulp.lp' read.
Read time = 0.22 sec. (11.80 ticks)
MIP start file 'P-pulp.mst' read.
New value for indicator for advanced starting information: 1
New value for time limit in seconds: 4000
CPXPARAM_TimeLimit                               4000
Warning:  No solution found from 1 MIP starts.
Retaining values of one MIP start for possible repair.
Found incumbent of value 4.5969893e+07 after 0.16 sec. (51.74 ticks)
Tried aggregator 1 time.
Reduced MIP has 101100 rows, 100100 columns, and 400000 nonzeros.
Reduced MIP has 100100 binaries, 0 generals, 0 SOSs, and 0 indicators.
Presolve time = 1.72 sec. (1483.01 ticks)
Probing time = 0.16 sec. (29.17 ticks)
Tried aggregator 1 time.
Reduced MIP has 101100 rows, 100100 columns, and 400000 nonzeros.
Reduced MIP has 100100 binaries, 0 generals, 0 SOSs, and 0 indicators.
Presolve time = 1.84 sec. (1528.96 ticks)
Probing time = 0.19 sec. (29.10 ticks)
Clique table members: 101000.
MIP emphasis: balance optimality and feasibility.
MIP search method: dynamic search.
Parallel mode: deterministic, using up to 8 threads.
Root relaxation solution time = 23.13 sec. (4920.19 ticks)

        Nodes                                         Cuts/
   Node  Left     Objective  IInf  Best Integer    Best Bound    ItCnt     Gap

*     0+    0                       4.59699e+07        0.0000           100.00%
*     0+    0                       3.30541e+07        0.0000           100.00%
*     0+    0                       3.13325e+07        0.0000           100.00%
*     0+    0                       3.10179e+07        0.0000           100.00%
*     0+    0                       3.09428e+07        0.0000           100.00%
      0     0   2.11877e+07  2379   3.09428e+07   2.11877e+07       59   31.53%
*     0+    0                       2.58410e+07   2.11877e+07            18.01%
*     0+    0                       2.56969e+07   2.11877e+07            17.55%
      0     0   2.17536e+07  1976   2.56969e+07       Cuts: 9     6195   15.35%
      0     0   2.18578e+07  1453   2.56969e+07   Impl Bds: 6     8856   14.94%

Log started (V12.8.0.0) Mon Jan 31 20:47:33 2022


Problem 'P-pulp.lp' read.
Read time = 0.02 sec. (0.14 ticks)
Warning: no MIP start values read, no MIP start loaded.
MIP start file 'P-pulp.mst' read.
New value for indicator for advanced starting information: 1
New value for time limit in seconds: 4000
CPXPARAM_TimeLimit                               4000
1 of 1 MIP starts provided solutions.
MIP start 'm1' defined initial solution with objective 3269821.3205.
Tried aggregator 1 time.
MIP Presolve eliminated 739 rows and 665 columns.
Reduced MIP has 586 rows, 610 columns, and 1660 nonzeros.
Reduced MIP has 610 binaries, 0 generals, 0 SOSs, and 0 indicators.
Presolve time = 0.00 sec. (3.77 ticks)
Probing time = 0.00 sec. (0.44 ticks)
Tried aggregator 2 times.
MIP Presolve eliminated 20 rows and 32 columns.
Aggregator did 3 substitutions.
Reduced MIP has 563 rows, 575 columns, and 1593 nonzeros.
Reduced MIP has 575 binaries, 0 generals, 0 SOSs, and 0 indicators.
Presolve time = 0.00 sec. (2.02 ticks)
Probing time = 0.00 sec. (0.42 ticks)
Clique table members: 563.
MIP emphasis: balance optimality and feasibility.
MIP search method: dynamic search.
Parallel mode: deterministic, using up to 8 threads.
Root relaxation solution time = 0.00 sec. (0.61 ticks)

        Nodes                                         Cuts/
   Node  Left     Objective  IInf  Best Integer    Best Bound    ItCnt     Gap

*     0+    0                      3269821.3205   730316.6991            77.66%
      0     0        cutoff        3269821.3205                      8    0.00%

Root node processing (before b&c):
  Real time             =    0.06 sec. (20.27 ticks)
Parallel b&c, 8 threads:
  Real time             =    0.00 sec. (0.00 ticks)
  Sync time (average)   =    0.00 sec.
  Wait time (average)   =    0.00 sec.
                          ------------
Total (root+branch&cut) =    0.06 sec. (20.27 ticks)

Solution pool: 1 solution saved.

MIP - Integer optimal solution:  Objective =  3.2698213205e+06
Solution time =    0.09 sec.  Iterations = 8  Nodes = 0
Deterministic time = 20.27 ticks  (215.64 ticks/sec)

MILP problem relaxed to LP with fixed integer variables using
incumbent solution.
CPXPARAM_TimeLimit                               4000
Tried aggregator 1 time.
LP Presolve eliminated 1325 rows and 1275 columns.
All rows and columns eliminated.
Presolve time = 0.00 sec. (0.57 ticks)

Dual simplex - Optimal:  Objective =  3.2698213205e+06
Solution time =    0.00 sec.  Iterations = 0 (0)
Deterministic time = 1.07 ticks  (1072.97 ticks/sec)


Solution written to file 'P-pulp.sol'.

Log started (V12.8.0.0) Mon Jan 31 20:47:35 2022


Problem 'P-pulp.lp' read.
Read time = 0.03 sec. (1.13 ticks)
Warning: no MIP start values read, no MIP start loaded.
MIP start file 'P-pulp.mst' read.
New value for indicator for advanced starting information: 1
New value for time limit in seconds: 4000
CPXPARAM_TimeLimit                               4000
1 of 1 MIP starts provided solutions.
MIP start 'm1' defined initial solution with objective 3732793.4338.
Tried aggregator 1 time.
Reduced MIP has 10250 rows, 10050 columns, and 40000 nonzeros.
Reduced MIP has 10050 binaries, 0 generals, 0 SOSs, and 0 indicators.
Presolve time = 0.08 sec. (71.62 ticks)
Probing time = 0.03 sec. (5.02 ticks)
Tried aggregator 1 time.
Reduced MIP has 10250 rows, 10050 columns, and 40000 nonzeros.
Reduced MIP has 10050 binaries, 0 generals, 0 SOSs, and 0 indicators.
Presolve time = 0.09 sec. (75.93 ticks)
Probing time = 0.02 sec. (5.02 ticks)
Clique table members: 10200.
MIP emphasis: balance optimality and feasibility.
MIP search method: dynamic search.
Parallel mode: deterministic, using up to 8 threads.
Root relaxation solution time = 0.03 sec. (23.13 ticks)

        Nodes                                         Cuts/
   Node  Left     Objective  IInf  Best Integer    Best Bound    ItCnt     Gap

*     0+    0                      3732793.4338        0.0000           100.00%
      0     0  3732301.4435     4  3732793.4338  3732301.4435      118    0.01%
      0     0        cutoff        3732793.4338  3732664.6031      122    0.00%
Elapsed time = 0.88 sec. (562.37 ticks, tree = 0.01 MB, solutions = 1)

Cover cuts applied:  1

Root node processing (before b&c):
  Real time             =    0.89 sec. (562.87 ticks)
Parallel b&c, 8 threads:
  Real time             =    0.00 sec. (0.00 ticks)
  Sync time (average)   =    0.00 sec.
  Wait time (average)   =    0.00 sec.
                          ------------
Total (root+branch&cut) =    0.89 sec. (562.87 ticks)

Solution pool: 1 solution saved.

MIP - Integer optimal solution:  Objective =  3.7327934338e+06
Solution time =    0.89 sec.  Iterations = 122  Nodes = 0
Deterministic time = 562.90 ticks  (631.76 ticks/sec)

MILP problem relaxed to LP with fixed integer variables using
incumbent solution.
CPXPARAM_TimeLimit                               4000
Parallel mode: deterministic, using up to 8 threads for concurrent optimization.

Dual simplex solved model.


Dual simplex - Optimal:  Objective =  3.7327934338e+06
Solution time =    0.03 sec.  Iterations = 0 (0)
Deterministic time = 12.97 ticks  (418.24 ticks/sec)


Solution written to file 'P-pulp.sol'.

Log started (V12.8.0.0) Mon Jan 31 20:47:37 2022


Problem 'P-pulp.lp' read.
Read time = 0.03 sec. (1.13 ticks)
Warning: no MIP start values read, no MIP start loaded.
MIP start file 'P-pulp.mst' read.
New value for indicator for advanced starting information: 1
New value for time limit in seconds: 4000
CPXPARAM_TimeLimit                               4000
1 of 1 MIP starts provided solutions.
MIP start 'm1' defined initial solution with objective 1965.5545.
Tried aggregator 1 time.
MIP Presolve eliminated 100 rows and 0 columns.
Reduced MIP has 10100 rows, 10100 columns, and 30000 nonzeros.
Reduced MIP has 10100 binaries, 0 generals, 0 SOSs, and 0 indicators.
Presolve time = 0.05 sec. (43.00 ticks)
Probing time = 0.03 sec. (5.20 ticks)
Tried aggregator 1 time.
Reduced MIP has 10100 rows, 10100 columns, and 30000 nonzeros.
Reduced MIP has 10100 binaries, 0 generals, 0 SOSs, and 0 indicators.
Presolve time = 0.06 sec. (46.73 ticks)
Probing time = 0.03 sec. (5.20 ticks)
Clique table members: 10100.
MIP emphasis: balance optimality and feasibility.
MIP search method: dynamic search.
Parallel mode: deterministic, using up to 8 threads.
Root relaxation solution time = 0.14 sec. (131.00 ticks)

        Nodes                                         Cuts/
   Node  Left     Objective  IInf  Best Integer    Best Bound    ItCnt     Gap

*     0+    0                         1965.5545        0.0000           100.00%
      0     0        cutoff           1965.5545                   4380    0.00%

Root node processing (before b&c):
  Real time             =    0.72 sec. (510.57 ticks)
Parallel b&c, 8 threads:
  Real time             =    0.00 sec. (0.00 ticks)
  Sync time (average)   =    0.00 sec.
  Wait time (average)   =    0.00 sec.
                          ------------
Total (root+branch&cut) =    0.72 sec. (510.57 ticks)

Solution pool: 1 solution saved.

MIP - Integer optimal solution:  Objective =  1.9655544970e+03
Solution time =    0.72 sec.  Iterations = 4380  Nodes = 0
Deterministic time = 510.60 ticks  (710.15 ticks/sec)

MILP problem relaxed to LP with fixed integer variables using
incumbent solution.
CPXPARAM_TimeLimit                               4000
Parallel mode: deterministic, using up to 8 threads for concurrent optimization.

Dual simplex solved model.


Dual simplex - Optimal:  Objective =  1.9655544970e+03
Solution time =    0.03 sec.  Iterations = 0 (0)
Deterministic time = 11.82 ticks  (381.25 ticks/sec)


Solution written to file 'P-pulp.sol'.

Log started (V12.8.0.0) Tue Feb  8 17:54:18 2022


Problem 'P-pulp.lp' read.
Read time = 0.02 sec. (0.14 ticks)
Warning: no MIP start values read, no MIP start loaded.
MIP start file 'P-pulp.mst' read.
New value for indicator for advanced starting information: 1
New value for time limit in seconds: 4000
CPXPARAM_TimeLimit                               4000
1 of 1 MIP starts provided solutions.
MIP start 'm1' defined initial solution with objective 3269821.3205.
Tried aggregator 1 time.
MIP Presolve eliminated 739 rows and 665 columns.
Reduced MIP has 586 rows, 610 columns, and 1660 nonzeros.
Reduced MIP has 610 binaries, 0 generals, 0 SOSs, and 0 indicators.
Presolve time = 0.02 sec. (3.77 ticks)
Probing time = 0.00 sec. (0.44 ticks)
Tried aggregator 2 times.
MIP Presolve eliminated 20 rows and 32 columns.
Aggregator did 3 substitutions.
Reduced MIP has 563 rows, 575 columns, and 1593 nonzeros.
Reduced MIP has 575 binaries, 0 generals, 0 SOSs, and 0 indicators.
Presolve time = 0.02 sec. (2.02 ticks)
Probing time = 0.00 sec. (0.42 ticks)
Clique table members: 563.
MIP emphasis: balance optimality and feasibility.
MIP search method: dynamic search.
Parallel mode: deterministic, using up to 8 threads.
Root relaxation solution time = 0.00 sec. (0.61 ticks)

        Nodes                                         Cuts/
   Node  Left     Objective  IInf  Best Integer    Best Bound    ItCnt     Gap

*     0+    0                      3269821.3205   730316.6991            77.66%
      0     0        cutoff        3269821.3205                      8    0.00%

Root node processing (before b&c):
  Real time             =    0.08 sec. (20.27 ticks)
Parallel b&c, 8 threads:
  Real time             =    0.00 sec. (0.00 ticks)
  Sync time (average)   =    0.00 sec.
  Wait time (average)   =    0.00 sec.
                          ------------
Total (root+branch&cut) =    0.08 sec. (20.27 ticks)

Solution pool: 1 solution saved.

MIP - Integer optimal solution:  Objective =  3.2698213205e+06
Solution time =    0.09 sec.  Iterations = 8  Nodes = 0
Deterministic time = 20.27 ticks  (217.96 ticks/sec)

MILP problem relaxed to LP with fixed integer variables using
incumbent solution.
CPXPARAM_TimeLimit                               4000
Tried aggregator 1 time.
LP Presolve eliminated 1325 rows and 1275 columns.
All rows and columns eliminated.
Presolve time = 0.00 sec. (0.57 ticks)

Dual simplex - Optimal:  Objective =  3.2698213205e+06
Solution time =    0.02 sec.  Iterations = 0 (0)
Deterministic time = 1.07 ticks  (67.06 ticks/sec)


Solution written to file 'P-pulp.sol'.
